<?xml version="1.0" encoding="UTF-8"?>
<!-- Generated by org.testng.reporters.JUnitXMLReporter -->
<testsuite hostname="DESKTOP-OEL817D" name="Default test" tests="12" failures="0" timestamp="12 Sep 2018 09:19:43 GMT" time="2.034" errors="0">
  <testcase name="@AfterMethod getResult" time="0.0" classname="suit.user_register_mailinator">
    <failure type="java.lang.NullPointerException">
      <![CDATA[java.lang.NullPointerException
	at reports_utility.ReportsManager.getResult(ReportsManager.java:70)
	at sun.reflect.NativeMethodAccessorImpl.invoke0(Native Method)
	at sun.reflect.NativeMethodAccessorImpl.invoke(Unknown Source)
	at sun.reflect.DelegatingMethodAccessorImpl.invoke(Unknown Source)
	at java.lang.reflect.Method.invoke(Unknown Source)
	at org.testng.internal.MethodInvocationHelper.invokeMethod(MethodInvocationHelper.java:86)
	at org.testng.internal.Invoker.invokeConfigurationMethod(Invoker.java:514)
	at org.testng.internal.Invoker.invokeConfigurations(Invoker.java:215)
	at org.testng.internal.Invoker.invokeMethod(Invoker.java:707)
	at org.testng.internal.Invoker.invokeTestMethod(Invoker.java:820)
	at org.testng.internal.Invoker.invokeTestMethods(Invoker.java:1128)
	at org.testng.internal.TestMethodWorker.invokeTestMethods(TestMethodWorker.java:129)
	at org.testng.internal.TestMethodWorker.run(TestMethodWorker.java:112)
	at org.testng.TestRunner.privateRun(TestRunner.java:782)
	at org.testng.TestRunner.run(TestRunner.java:632)
	at org.testng.SuiteRunner.runTest(SuiteRunner.java:366)
	at org.testng.SuiteRunner.runSequentially(SuiteRunner.java:361)
	at org.testng.SuiteRunner.privateRun(SuiteRunner.java:319)
	at org.testng.SuiteRunner.run(SuiteRunner.java:268)
	at org.testng.SuiteRunnerWorker.runSuite(SuiteRunnerWorker.java:52)
	at org.testng.SuiteRunnerWorker.run(SuiteRunnerWorker.java:86)
	at org.testng.TestNG.runSuitesSequentially(TestNG.java:1244)
	at org.testng.TestNG.runSuitesLocally(TestNG.java:1169)
	at org.testng.TestNG.run(TestNG.java:1064)
	at org.testng.remote.AbstractRemoteTestNG.run(AbstractRemoteTestNG.java:114)
	at org.testng.remote.RemoteTestNG.initAndRun(RemoteTestNG.java:251)
	at org.testng.remote.RemoteTestNG.main(RemoteTestNG.java:77)
]]>
    </failure>
  </testcase> <!-- @AfterMethod getResult -->
  <testcase name="@AfterMethod getResult" time="0.0" classname="suit.open_browser">
    <skipped/>
  </testcase> <!-- @AfterMethod getResult -->
  <testcase name="@AfterMethod getResult" time="0.0" classname="suit.user_registration">
    <skipped/>
  </testcase> <!-- @AfterMethod getResult -->
  <testcase name="@AfterMethod getResult" time="0.0" classname="suit.user_sign_in">
    <skipped/>
  </testcase> <!-- @AfterMethod getResult -->
  <testcase name="@AfterMethod getResult" time="0.0" classname="suit.home_page">
    <skipped/>
  </testcase> <!-- @AfterMethod getResult -->
  <testcase name="@AfterMethod getResult" time="0.0" classname="suit.category_page">
    <skipped/>
  </testcase> <!-- @AfterMethod getResult -->
  <testcase name="@AfterMethod getResult" time="0.0" classname="suit.product_list">
    <skipped/>
  </testcase> <!-- @AfterMethod getResult -->
  <testcase name="@AfterMethod getResult" time="0.0" classname="suit.mini_cart">
    <skipped/>
  </testcase> <!-- @AfterMethod getResult -->
  <testcase name="@AfterMethod getResult" time="0.0" classname="suit.view_cart">
    <skipped/>
  </testcase> <!-- @AfterMethod getResult -->
  <testcase name="@AfterMethod getResult" time="0.0" classname="suit.checkout">
    <skipped/>
  </testcase> <!-- @AfterMethod getResult -->
  <testcase name="@AfterMethod getResult" time="0.0" classname="suit.my_account">
    <skipped/>
  </testcase> <!-- @AfterMethod getResult -->
  <testcase name="@AfterMethod getResult" time="0.0" classname="suit.close_browser">
    <skipped/>
  </testcase> <!-- @AfterMethod getResult -->
  <testcase name="random_email_registor" time="1.92" classname="suit.user_register_mailinator"/>
  <testcase name="openbrowser" time="0.006" classname="suit.open_browser">
    <skipped/>
  </testcase> <!-- openbrowser -->
  <testcase name="userregistration" time="0.001" classname="suit.user_registration">
    <skipped/>
  </testcase> <!-- userregistration -->
  <testcase name="usersign" time="0.001" classname="suit.user_sign_in">
    <skipped/>
  </testcase> <!-- usersign -->
  <testcase name="homepage" time="0.001" classname="suit.home_page">
    <skipped/>
  </testcase> <!-- homepage -->
  <testcase name="CategoryPage" time="0.001" classname="suit.category_page">
    <skipped/>
  </testcase> <!-- CategoryPage -->
  <testcase name="productlist" time="0.0" classname="suit.product_list">
    <skipped/>
  </testcase> <!-- productlist -->
  <testcase name="userregistration" time="0.015" classname="suit.mini_cart">
    <skipped/>
  </testcase> <!-- userregistration -->
  <testcase name="userregistration" time="0.002" classname="suit.view_cart">
    <skipped/>
  </testcase> <!-- userregistration -->
  <testcase name="userregistration" time="0.001" classname="suit.checkout">
    <skipped/>
  </testcase> <!-- userregistration -->
  <testcase name="usersign" time="0.001" classname="suit.my_account">
    <skipped/>
  </testcase> <!-- usersign -->
  <testcase name="CloseBrowser" time="0.005" classname="suit.close_browser">
    <skipped/>
  </testcase> <!-- CloseBrowser -->
</testsuite> <!-- Default test -->
