# JRE version: Java(TM) SE Runtime Environment (8.0_161-b12) (build 1.8.0_161-b12)
# Java VM: Java HotSpot(TM) 64-Bit Server VM (25.161-b12 mixed mode windows-amd64 compressed oops)
Heap:
 PSYoungGen      total 66048K, used 40654K [0x00000000d6d00000, 0x00000000db980000, 0x0000000100000000)
  eden space 59904K, 59% used [0x00000000d6d00000,0x00000000d8f92080,0x00000000da780000)
  from space 6144K, 85% used [0x00000000db380000,0x00000000db8a1838,0x00000000db980000)
  to   space 9216K, 0% used [0x00000000da780000,0x00000000da780000,0x00000000db080000)
 ParOldGen       total 57344K, used 7617K [0x0000000084600000, 0x0000000087e00000, 0x00000000d6d00000)
  object space 57344K, 13% used [0x0000000084600000,0x0000000084d704b8,0x0000000087e00000)
 Metaspace       used 25440K, capacity 25874K, committed 26112K, reserved 1073152K
  class space    used 3127K, capacity 3287K, committed 3328K, reserved 1048576K
GC Heap History (10 events):
Event: 3.505 GC heap before
{Heap before GC invocations=5 (full 1):
 PSYoungGen      total 36864K, used 5118K [0x00000000d6d00000, 0x00000000db500000, 0x0000000100000000)
  eden space 31744K, 0% used [0x00000000d6d00000,0x00000000d6d00000,0x00000000d8c00000)
  from space 5120K, 99% used [0x00000000d9100000,0x00000000d95ff850,0x00000000d9600000)
  to   space 5120K, 0% used [0x00000000d8c00000,0x00000000d8c00000,0x00000000d9100000)
 ParOldGen       total 84992K, used 6475K [0x0000000084600000, 0x0000000089900000, 0x00000000d6d00000)
  object space 84992K, 7% used [0x0000000084600000,0x0000000084c52fe8,0x0000000089900000)
 Metaspace       used 20810K, capacity 21094K, committed 21296K, reserved 1069056K
  class space    used 2549K, capacity 2667K, committed 2688K, reserved 1048576K
Event: 3.553 GC heap after
Heap after GC invocations=5 (full 1):
 PSYoungGen      total 36864K, used 0K [0x00000000d6d00000, 0x00000000db500000, 0x0000000100000000)
  eden space 31744K, 0% used [0x00000000d6d00000,0x00000000d6d00000,0x00000000d8c00000)
  from space 5120K, 0% used [0x00000000d9100000,0x00000000d9100000,0x00000000d9600000)
  to   space 5120K, 0% used [0x00000000d8c00000,0x00000000d8c00000,0x00000000d9100000)
 ParOldGen       total 57344K, used 7593K [0x0000000084600000, 0x0000000087e00000, 0x00000000d6d00000)
  object space 57344K, 13% used [0x0000000084600000,0x0000000084d6a4b8,0x0000000087e00000)
 Metaspace       used 20810K, capacity 21094K, committed 21296K, reserved 1069056K
  class space    used 2549K, capacity 2667K, committed 2688K, reserved 1048576K
}
Event: 25.739 GC heap before
{Heap before GC invocations=6 (full 1):
 PSYoungGen      total 36864K, used 30531K [0x00000000d6d00000, 0x00000000db500000, 0x0000000100000000)
  eden space 31744K, 96% used [0x00000000d6d00000,0x00000000d8ad0e58,0x00000000d8c00000)
  from space 5120K, 0% used [0x00000000d9100000,0x00000000d9100000,0x00000000d9600000)
  to   space 5120K, 0% used [0x00000000d8c00000,0x00000000d8c00000,0x00000000d9100000)
 ParOldGen       total 57344K, used 7593K [0x0000000084600000, 0x0000000087e00000, 0x00000000d6d00000)
  object space 57344K, 13% used [0x0000000084600000,0x0000000084d6a4b8,0x0000000087e00000)
 Metaspace       used 25113K, capacity 25482K, committed 25856K, reserved 1071104K
  class space    used 3118K, capacity 3251K, committed 3328K, reserved 1048576K
Event: 25.743 GC heap after
Heap after GC invocations=6 (full 1):
 PSYoungGen      total 36864K, used 3303K [0x00000000d6d00000, 0x00000000dad80000, 0x0000000100000000)
  eden space 31744K, 0% used [0x00000000d6d00000,0x00000000d6d00000,0x00000000d8c00000)
  from space 5120K, 64% used [0x00000000d8c00000,0x00000000d8f39da0,0x00000000d9100000)
  to   space 9216K, 0% used [0x00000000da480000,0x00000000da480000,0x00000000dad80000)
 ParOldGen       total 57344K, used 7601K [0x0000000084600000, 0x0000000087e00000, 0x00000000d6d00000)
  object space 57344K, 13% used [0x0000000084600000,0x0000000084d6c4b8,0x0000000087e00000)
 Metaspace       used 25113K, capacity 25482K, committed 25856K, reserved 1071104K
  class space    used 3118K, capacity 3251K, committed 3328K, reserved 1048576K
}
Event: 26.522 GC heap before
{Heap before GC invocations=7 (full 1):
 PSYoungGen      total 36864K, used 33725K [0x00000000d6d00000, 0x00000000dad80000, 0x0000000100000000)
  eden space 31744K, 95% used [0x00000000d6d00000,0x00000000d8ab57b0,0x00000000d8c00000)
  from space 5120K, 64% used [0x00000000d8c00000,0x00000000d8f39da0,0x00000000d9100000)
  to   space 9216K, 0% used [0x00000000da480000,0x00000000da480000,0x00000000dad80000)
 ParOldGen       total 57344K, used 7601K [0x0000000084600000, 0x0000000087e00000, 0x00000000d6d00000)
  object space 57344K, 13% used [0x0000000084600000,0x0000000084d6c4b8,0x0000000087e00000)
 Metaspace       used 25128K, capacity 25482K, committed 25856K, reserved 1071104K
  class space    used 3119K, capacity 3251K, committed 3328K, reserved 1048576K
Event: 26.524 GC heap after
Heap after GC invocations=7 (full 1):
 PSYoungGen      total 54784K, used 960K [0x00000000d6d00000, 0x00000000dad80000, 0x0000000100000000)
  eden space 45568K, 0% used [0x00000000d6d00000,0x00000000d6d00000,0x00000000d9980000)
  from space 9216K, 10% used [0x00000000da480000,0x00000000da570010,0x00000000dad80000)
  to   space 10240K, 0% used [0x00000000d9980000,0x00000000d9980000,0x00000000da380000)
 ParOldGen       total 57344K, used 7609K [0x0000000084600000, 0x0000000087e00000, 0x00000000d6d00000)
  object space 57344K, 13% used [0x0000000084600000,0x0000000084d6e4b8,0x0000000087e00000)
 Metaspace       used 25128K, capacity 25482K, committed 25856K, reserved 1071104K
  class space    used 3119K, capacity 3251K, committed 3328K, reserved 1048576K
}
Event: 52.371 GC heap before
{Heap before GC invocations=8 (full 1):
 PSYoungGen      total 54784K, used 46528K [0x00000000d6d00000, 0x00000000dad80000, 0x0000000100000000)
  eden space 45568K, 100% used [0x00000000d6d00000,0x00000000d9980000,0x00000000d9980000)
  from space 9216K, 10% used [0x00000000da480000,0x00000000da570010,0x00000000dad80000)
  to   space 10240K, 0% used [0x00000000d9980000,0x00000000d9980000,0x00000000da380000)
 ParOldGen       total 57344K, used 7609K [0x0000000084600000, 0x0000000087e00000, 0x00000000d6d00000)
  object space 57344K, 13% used [0x0000000084600000,0x0000000084d6e4b8,0x0000000087e00000)
 Metaspace       used 25186K, capacity 25602K, committed 25856K, reserved 1071104K
  class space    used 3125K, capacity 3287K, committed 3328K, reserved 1048576K
Event: 52.382 GC heap after
Heap after GC invocations=8 (full 1):
 PSYoungGen      total 55808K, used 3984K [0x00000000d6d00000, 0x00000000dbd00000, 0x0000000100000000)
  eden space 45568K, 0% used [0x00000000d6d00000,0x00000000d6d00000,0x00000000d9980000)
  from space 10240K, 38% used [0x00000000d9980000,0x00000000d9d64168,0x00000000da380000)
  to   space 9728K, 0% used [0x00000000db380000,0x00000000db380000,0x00000000dbd00000)
 ParOldGen       total 57344K, used 7609K [0x0000000084600000, 0x0000000087e00000, 0x00000000d6d00000)
  object space 57344K, 13% used [0x0000000084600000,0x0000000084d6e4b8,0x0000000087e00000)
 Metaspace       used 25186K, capacity 25602K, committed 25856K, reserved 1071104K
  class space    used 3125K, capacity 3287K, committed 3328K, reserved 1048576K
}
Event: 76.341 GC heap before
{Heap before GC invocations=9 (full 1):
 PSYoungGen      total 55808K, used 49444K [0x00000000d6d00000, 0x00000000dbd00000, 0x0000000100000000)
  eden space 45568K, 99% used [0x00000000d6d00000,0x00000000d9965050,0x00000000d9980000)
  from space 10240K, 38% used [0x00000000d9980000,0x00000000d9d64168,0x00000000da380000)
  to   space 9728K, 0% used [0x00000000db380000,0x00000000db380000,0x00000000dbd00000)
 ParOldGen       total 57344K, used 7609K [0x0000000084600000, 0x0000000087e00000, 0x00000000d6d00000)
  object space 57344K, 13% used [0x0000000084600000,0x0000000084d6e4b8,0x0000000087e00000)
 Metaspace       used 25385K, capacity 25810K, committed 26112K, reserved 1073152K
  class space    used 3125K, capacity 3287K, committed 3328K, reserved 1048576K
Event: 76.348 GC heap after
Heap after GC invocations=9 (full 1):
 PSYoungGen      total 66048K, used 5254K [0x00000000d6d00000, 0x00000000db980000, 0x0000000100000000)
  eden space 59904K, 0% used [0x00000000d6d00000,0x00000000d6d00000,0x00000000da780000)
  from space 6144K, 85% used [0x00000000db380000,0x00000000db8a1838,0x00000000db980000)
  to   space 9216K, 0% used [0x00000000da780000,0x00000000da780000,0x00000000db080000)
 ParOldGen       total 57344K, used 7617K [0x0000000084600000, 0x0000000087e00000, 0x00000000d6d00000)
  object space 57344K, 13% used [0x0000000084600000,0x0000000084d704b8,0x0000000087e00000)
 Metaspace       used 25385K, capacity 25810K, committed 26112K, reserved 1073152K
  class space    used 3125K, capacity 3287K, committed 3328K, reserved 1048576K
}

