<?xml version="1.0" encoding="UTF-8"?>
<testng-results skipped="0" failed="0" total="1" passed="1">
  <reporter-output>
  </reporter-output>
  <suite name="Default suite" duration-ms="625070" started-at="2018-11-28T11:20:07Z" finished-at="2018-11-28T11:30:32Z">
    <groups>
    </groups>
    <test name="Default test" duration-ms="625070" started-at="2018-11-28T11:20:07Z" finished-at="2018-11-28T11:30:32Z">
      <class name="suit.runner">
        <test-method status="PASS" signature="Setup()[pri:0, instance:suit.runner@7494e528]" name="Setup" is-config="true" duration-ms="354" started-at="2018-11-28T16:50:07Z" finished-at="2018-11-28T16:50:07Z">
          <reporter-output>
          </reporter-output>
        </test-method> <!-- Setup -->
        <test-method status="PASS" signature="Runner()[pri:0, instance:suit.runner@7494e528]" name="Runner" duration-ms="625053" started-at="2018-11-28T16:50:07Z" finished-at="2018-11-28T17:00:32Z">
          <reporter-output>
          </reporter-output>
        </test-method> <!-- Runner -->
        <test-method status="PASS" signature="getResult(org.testng.ITestResult)[pri:0, instance:suit.runner@7494e528]" name="getResult" is-config="true" duration-ms="3" started-at="2018-11-28T17:00:32Z" finished-at="2018-11-28T17:00:32Z">
          <params>
            <param index="0">
              <value>
                <![CDATA[[TestResult name=Runner status=SUCCESS method=runner.Runner()[pri:0, instance:suit.runner@7494e528] output={null}]]]>
              </value>
            </param>
          </params>
          <reporter-output>
          </reporter-output>
        </test-method> <!-- getResult -->
        <test-method status="PASS" signature="tearDown()[pri:0, instance:suit.runner@7494e528]" name="tearDown" is-config="true" duration-ms="0" started-at="2018-11-28T17:00:33Z" finished-at="2018-11-28T17:00:33Z">
          <reporter-output>
          </reporter-output>
        </test-method> <!-- tearDown -->
      </class> <!-- suit.runner -->
    </test> <!-- Default test -->
  </suite> <!-- Default suite -->
</testng-results>
