<?xml version="1.0" encoding="UTF-8"?>
<testng-results skipped="0" failed="0" total="1" passed="1">
  <reporter-output>
  </reporter-output>
  <suite name="Failed suite [Default suite]" duration-ms="222171" started-at="2019-01-27T13:30:08Z" finished-at="2019-01-27T13:33:50Z">
    <groups>
    </groups>
    <test name="Default test" duration-ms="222171" started-at="2019-01-27T13:30:08Z" finished-at="2019-01-27T13:33:50Z">
      <class name="suit.runner">
        <test-method status="PASS" signature="Setup()[pri:0, instance:suit.runner@70e9c95d]" name="Setup" is-config="true" duration-ms="2259" started-at="2019-01-27T13:30:05Z" finished-at="2019-01-27T13:30:08Z">
          <reporter-output>
          </reporter-output>
        </test-method> <!-- Setup -->
        <test-method status="PASS" signature="Runner()[pri:0, instance:suit.runner@70e9c95d]" name="Runner" duration-ms="222150" started-at="2019-01-27T13:30:08Z" finished-at="2019-01-27T13:33:50Z">
          <reporter-output>
          </reporter-output>
        </test-method> <!-- Runner -->
        <test-method status="PASS" signature="getResult(org.testng.ITestResult)[pri:0, instance:suit.runner@70e9c95d]" name="getResult" is-config="true" duration-ms="1" started-at="2019-01-27T13:33:50Z" finished-at="2019-01-27T13:33:50Z">
          <params>
            <param index="0">
              <value>
                <![CDATA[[TestResult name=Runner status=SUCCESS method=runner.Runner()[pri:0, instance:suit.runner@70e9c95d] output={null}]]]>
              </value>
            </param>
          </params>
          <reporter-output>
          </reporter-output>
        </test-method> <!-- getResult -->
        <test-method status="PASS" signature="tearDown()[pri:0, instance:suit.runner@70e9c95d]" name="tearDown" is-config="true" duration-ms="0" started-at="2019-01-27T13:33:50Z" finished-at="2019-01-27T13:33:50Z">
          <reporter-output>
          </reporter-output>
        </test-method> <!-- tearDown -->
      </class> <!-- suit.runner -->
    </test> <!-- Default test -->
  </suite> <!-- Failed suite [Default suite] -->
</testng-results>
