<?xml version="1.0" encoding="UTF-8"?>
<testng-results skipped="0" failed="0" total="1" passed="1">
  <reporter-output>
  </reporter-output>
  <suite name="Failed suite [Default suite]" duration-ms="174486" started-at="2018-12-20T12:56:37Z" finished-at="2018-12-20T12:59:31Z">
    <groups>
    </groups>
    <test name="Default test" duration-ms="174486" started-at="2018-12-20T12:56:37Z" finished-at="2018-12-20T12:59:31Z">
      <class name="suit.runner">
        <test-method status="PASS" signature="Setup()[pri:0, instance:suit.runner@13fd2ccd]" name="Setup" is-config="true" duration-ms="2375" started-at="2018-12-20T12:56:34Z" finished-at="2018-12-20T12:56:37Z">
          <reporter-output>
          </reporter-output>
        </test-method> <!-- Setup -->
        <test-method status="PASS" signature="Runner()[pri:0, instance:suit.runner@13fd2ccd]" name="Runner" duration-ms="174472" started-at="2018-12-20T12:56:37Z" finished-at="2018-12-20T12:59:31Z">
          <reporter-output>
          </reporter-output>
        </test-method> <!-- Runner -->
        <test-method status="PASS" signature="getResult(org.testng.ITestResult)[pri:0, instance:suit.runner@13fd2ccd]" name="getResult" is-config="true" duration-ms="1" started-at="2018-12-20T12:59:31Z" finished-at="2018-12-20T12:59:31Z">
          <params>
            <param index="0">
              <value>
                <![CDATA[[TestResult name=Runner status=SUCCESS method=runner.Runner()[pri:0, instance:suit.runner@13fd2ccd] output={null}]]]>
              </value>
            </param>
          </params>
          <reporter-output>
          </reporter-output>
        </test-method> <!-- getResult -->
        <test-method status="PASS" signature="tearDown()[pri:0, instance:suit.runner@13fd2ccd]" name="tearDown" is-config="true" duration-ms="1" started-at="2018-12-20T12:59:31Z" finished-at="2018-12-20T12:59:31Z">
          <reporter-output>
          </reporter-output>
        </test-method> <!-- tearDown -->
      </class> <!-- suit.runner -->
    </test> <!-- Default test -->
  </suite> <!-- Failed suite [Default suite] -->
</testng-results>
